    正在创建库 C:\Users\wxy\Desktop\firstDemo\x64\Release\firstDemo.lib 和对象 C:\Users\wxy\Desktop\firstDemo\x64\Release\firstDemo.exp
main.obj : error LNK2001: 无法解析的外部符号 "public: virtual enum CPLErr __cdecl GDALMajorObject::SetMetadataItem(char const *,char const *,char const *)" (?SetMetadataItem@GDALMajorObject@@UEAA?AW4CPLErr@@PEBD00@Z)
main.obj : error LNK2001: 无法解析的外部符号 "public: virtual char const * __cdecl GDALMajorObject::GetMetadataItem(char const *,char const *)" (?GetMetadataItem@GDALMajorObject@@UEAAPEBDPEBD0@Z)
main.obj : error LNK2001: 无法解析的外部符号 "public: virtual enum CPLErr __cdecl GDALMajorObject::SetMetadata(char * *,char const *)" (?SetMetadata@GDALMajorObject@@UEAA?AW4CPLErr@@PEAPEADPEBD@Z)
main.obj : error LNK2001: 无法解析的外部符号 "public: virtual char * * __cdecl GDALMajorObject::GetMetadata(char const *)" (?GetMetadata@GDALMajorObject@@UEAAPEAPEADPEBD@Z)
main.obj : error LNK2001: 无法解析的外部符号 "public: virtual void __cdecl GDALMajorObject::SetDescription(char const *)" (?SetDescription@GDALMajorObject@@UEAAXPEBD@Z)
main.obj : error LNK2001: 无法解析的外部符号 "public: virtual char const * __cdecl GDALMajorObject::GetDescription(void)const " (?GetDescription@GDALMajorObject@@UEBAPEBDXZ)
main.obj : error LNK2001: 无法解析的外部符号 "public: virtual __cdecl GDALMajorObject::~GDALMajorObject(void)" (??1GDALMajorObject@@UEAA@XZ)
main.obj : error LNK2001: 无法解析的外部符号 GDALAllRegister
main.obj : error LNK2001: 无法解析的外部符号 "public: virtual __cdecl GDALRasterBlock::~GDALRasterBlock(void)" (??1GDALRasterBlock@@UEAA@XZ)
main.obj : error LNK2001: 无法解析的外部符号 "public: class GDALDataset * __cdecl GDALDriver::Create(char const *,int,int,int,enum GDALDataType,char * *)" (?Create@GDALDriver@@QEAAPEAVGDALDataset@@PEBDHHHW4GDALDataType@@PEAPEAD@Z)
main.obj : error LNK2001: 无法解析的外部符号 "public: virtual __cdecl GDALDriver::~GDALDriver(void)" (??1GDALDriver@@UEAA@XZ)
main.obj : error LNK2001: 无法解析的外部符号 "public: virtual __cdecl GDALNoDataMaskBand::~GDALNoDataMaskBand(void)" (??1GDALNoDataMaskBand@@UEAA@XZ)
main.obj : error LNK2001: 无法解析的外部符号 "protected: virtual enum CPLErr __cdecl GDALNoDataMaskBand::IReadBlock(int,int,void *)" (?IReadBlock@GDALNoDataMaskBand@@MEAA?AW4CPLErr@@HHPEAX@Z)
main.obj : error LNK2001: 无法解析的外部符号 "public: virtual int __cdecl GDALAllValidMaskBand::GetMaskFlags(void)" (?GetMaskFlags@GDALAllValidMaskBand@@UEAAHXZ)
main.obj : error LNK2001: 无法解析的外部符号 "public: virtual class GDALRasterBand * __cdecl GDALAllValidMaskBand::GetMaskBand(void)" (?GetMaskBand@GDALAllValidMaskBand@@UEAAPEAVGDALRasterBand@@XZ)
main.obj : error LNK2001: 无法解析的外部符号 "public: virtual __cdecl GDALAllValidMaskBand::~GDALAllValidMaskBand(void)" (??1GDALAllValidMaskBand@@UEAA@XZ)
main.obj : error LNK2001: 无法解析的外部符号 "protected: virtual enum CPLErr __cdecl GDALAllValidMaskBand::IReadBlock(int,int,void *)" (?IReadBlock@GDALAllValidMaskBand@@MEAA?AW4CPLErr@@HHPEAX@Z)
main.obj : error LNK2001: 无法解析的外部符号 GDALOpenShared
main.obj : error LNK2001: 无法解析的外部符号 GetGDALDriverManager
main.obj : error LNK2001: 无法解析的外部符号 "public: virtual enum CPLErr __cdecl GDALDataset::CreateMaskBand(int)" (?CreateMaskBand@GDALDataset@@UEAA?AW4CPLErr@@H@Z)
main.obj : error LNK2001: 无法解析的外部符号 "public: virtual enum CPLErr __cdecl GDALDataset::AdviseRead(int,int,int,int,int,int,enum GDALDataType,int,int *,char * *)" (?AdviseRead@GDALDataset@@UEAA?AW4CPLErr@@HHHHHHW4GDALDataType@@HPEAHPEAPEAD@Z)
main.obj : error LNK2001: 无法解析的外部符号 "public: virtual enum CPLErr __cdecl GDALDataset::SetGCPs(int,struct GDAL_GCP const *,char const *)" (?SetGCPs@GDALDataset@@UEAA?AW4CPLErr@@HPEBUGDAL_GCP@@PEBD@Z)
main.obj : error LNK2001: 无法解析的外部符号 "public: virtual struct GDAL_GCP const * __cdecl GDALDataset::GetGCPs(void)" (?GetGCPs@GDALDataset@@UEAAPEBUGDAL_GCP@@XZ)
main.obj : error LNK2001: 无法解析的外部符号 "public: virtual char const * __cdecl GDALDataset::GetGCPProjection(void)" (?GetGCPProjection@GDALDataset@@UEAAPEBDXZ)
main.obj : error LNK2001: 无法解析的外部符号 "public: virtual int __cdecl GDALDataset::GetGCPCount(void)" (?GetGCPCount@GDALDataset@@UEAAHXZ)
main.obj : error LNK2001: 无法解析的外部符号 "public: virtual char * * __cdecl GDALDataset::GetFileList(void)" (?GetFileList@GDALDataset@@UEAAPEAPEADXZ)
main.obj : error LNK2001: 无法解析的外部符号 "public: virtual class GDALDriver * __cdecl GDALDataset::GetDriver(void)" (?GetDriver@GDALDataset@@UEAAPEAVGDALDriver@@XZ)
main.obj : error LNK2001: 无法解析的外部符号 "public: virtual void * __cdecl GDALDataset::GetInternalHandle(char const *)" (?GetInternalHandle@GDALDataset@@UEAAPEAXPEBD@Z)
main.obj : error LNK2001: 无法解析的外部符号 "public: virtual enum CPLErr __cdecl GDALDataset::AddBand(enum GDALDataType,char * *)" (?AddBand@GDALDataset@@UEAA?AW4CPLErr@@W4GDALDataType@@PEAPEAD@Z)
main.obj : error LNK2001: 无法解析的外部符号 "public: virtual enum CPLErr __cdecl GDALDataset::SetGeoTransform(double *)" (?SetGeoTransform@GDALDataset@@UEAA?AW4CPLErr@@PEAN@Z)
main.obj : error LNK2001: 无法解析的外部符号 "public: virtual enum CPLErr __cdecl GDALDataset::GetGeoTransform(double *)" (?GetGeoTransform@GDALDataset@@UEAA?AW4CPLErr@@PEAN@Z)
main.obj : error LNK2001: 无法解析的外部符号 "public: virtual enum CPLErr __cdecl GDALDataset::SetProjection(char const *)" (?SetProjection@GDALDataset@@UEAA?AW4CPLErr@@PEBD@Z)
main.obj : error LNK2001: 无法解析的外部符号 "public: virtual char const * __cdecl GDALDataset::GetProjectionRef(void)" (?GetProjectionRef@GDALDataset@@UEAAPEBDXZ)
main.obj : error LNK2001: 无法解析的外部符号 "public: virtual void __cdecl GDALDataset::FlushCache(void)" (?FlushCache@GDALDataset@@UEAAXXZ)
main.obj : error LNK2001: 无法解析的外部符号 "public: class GDALRasterBand * __cdecl GDALDataset::GetRasterBand(int)" (?GetRasterBand@GDALDataset@@QEAAPEAVGDALRasterBand@@H@Z)
main.obj : error LNK2001: 无法解析的外部符号 "public: int __cdecl GDALDataset::GetRasterCount(void)" (?GetRasterCount@GDALDataset@@QEAAHXZ)
main.obj : error LNK2001: 无法解析的外部符号 "public: int __cdecl GDALDataset::GetRasterYSize(void)" (?GetRasterYSize@GDALDataset@@QEAAHXZ)
main.obj : error LNK2001: 无法解析的外部符号 "public: int __cdecl GDALDataset::GetRasterXSize(void)" (?GetRasterXSize@GDALDataset@@QEAAHXZ)
main.obj : error LNK2001: 无法解析的外部符号 "public: virtual __cdecl GDALDataset::~GDALDataset(void)" (??1GDALDataset@@UEAA@XZ)
main.obj : error LNK2001: 无法解析的外部符号 "protected: virtual enum CPLErr __cdecl GDALDataset::IRasterIO(enum GDALRWFlag,int,int,int,int,void *,int,int,enum GDALDataType,int,int *,int,int,int)" (?IRasterIO@GDALDataset@@MEAA?AW4CPLErr@@W4GDALRWFlag@@HHHHPEAXHHW4GDALDataType@@HPEAHHHH@Z)
main.obj : error LNK2001: 无法解析的外部符号 "protected: virtual enum CPLErr __cdecl GDALDataset::IBuildOverviews(char const *,int,int *,int,int *,int (__cdecl*)(double,char const *,void *),void *)" (?IBuildOverviews@GDALDataset@@MEAA?AW4CPLErr@@PEBDHPEAHH1P6AHN0PEAX@Z2@Z)
main.obj : error LNK2001: 无法解析的外部符号 GDALClose
main.obj : error LNK2001: 无法解析的外部符号 CPLMalloc
main.obj : error LNK2001: 无法解析的外部符号 "public: __cdecl GDALColorTable::GDALColorTable(enum GDALPaletteInterp)" (??0GDALColorTable@@QEAA@W4GDALPaletteInterp@@@Z)
main.obj : error LNK2001: 无法解析的外部符号 "public: __cdecl GDALMultiDomainMetadata::~GDALMultiDomainMetadata(void)" (??1GDALMultiDomainMetadata@@QEAA@XZ)
main.obj : error LNK2001: 无法解析的外部符号 "public: class GDALDriver * __cdecl GDALDriverManager::GetDriverByName(char const *)" (?GetDriverByName@GDALDriverManager@@QEAAPEAVGDALDriver@@PEBD@Z)
main.obj : error LNK2001: 无法解析的外部符号 "public: virtual __cdecl GDALDriverManager::~GDALDriverManager(void)" (??1GDALDriverManager@@UEAA@XZ)
main.obj : error LNK2001: 无法解析的外部符号 "public: virtual __cdecl GDALNoDataValuesMaskBand::~GDALNoDataValuesMaskBand(void)" (??1GDALNoDataValuesMaskBand@@UEAA@XZ)
main.obj : error LNK2001: 无法解析的外部符号 "protected: virtual enum CPLErr __cdecl GDALNoDataValuesMaskBand::IReadBlock(int,int,void *)" (?IReadBlock@GDALNoDataValuesMaskBand@@MEAA?AW4CPLErr@@HHPEAX@Z)
main.obj : error LNK2001: 无法解析的外部符号 VSIFree
main.obj : error LNK2001: 无法解析的外部符号 "public: virtual enum CPLErr __cdecl GDALRasterBand::CreateMaskBand(int)" (?CreateMaskBand@GDALRasterBand@@UEAA?AW4CPLErr@@H@Z)
main.obj : error LNK2001: 无法解析的外部符号 "public: virtual int __cdecl GDALRasterBand::GetMaskFlags(void)" (?GetMaskFlags@GDALRasterBand@@UEAAHXZ)
main.obj : error LNK2001: 无法解析的外部符号 "public: virtual class GDALRasterBand * __cdecl GDALRasterBand::GetMaskBand(void)" (?GetMaskBand@GDALRasterBand@@UEAAPEAV1@XZ)
main.obj : error LNK2001: 无法解析的外部符号 "public: virtual enum CPLErr __cdecl GDALRasterBand::SetDefaultRAT(class GDALRasterAttributeTable const *)" (?SetDefaultRAT@GDALRasterBand@@UEAA?AW4CPLErr@@PEBVGDALRasterAttributeTable@@@Z)
main.obj : error LNK2001: 无法解析的外部符号 "public: virtual class GDALRasterAttributeTable const * __cdecl GDALRasterBand::GetDefaultRAT(void)" (?GetDefaultRAT@GDALRasterBand@@UEAAPEBVGDALRasterAttributeTable@@XZ)
main.obj : error LNK2001: 无法解析的外部符号 "public: virtual enum CPLErr __cdecl GDALRasterBand::SetDefaultHistogram(double,double,int,int *)" (?SetDefaultHistogram@GDALRasterBand@@UEAA?AW4CPLErr@@NNHPEAH@Z)
main.obj : error LNK2001: 无法解析的外部符号 "public: virtual enum CPLErr __cdecl GDALRasterBand::GetDefaultHistogram(double *,double *,int *,int * *,int,int (__cdecl*)(double,char const *,void *),void *)" (?GetDefaultHistogram@GDALRasterBand@@UEAA?AW4CPLErr@@PEAN0PEAHPEAPEAHHP6AHNPEBDPEAX@Z4@Z)
main.obj : error LNK2001: 无法解析的外部符号 "public: virtual enum CPLErr __cdecl GDALRasterBand::GetHistogram(double,double,int,int *,int,int,int (__cdecl*)(double,char const *,void *),void *)" (?GetHistogram@GDALRasterBand@@UEAA?AW4CPLErr@@NNHPEAHHHP6AHNPEBDPEAX@Z2@Z)
main.obj : error LNK2001: 无法解析的外部符号 "public: virtual enum CPLErr __cdecl GDALRasterBand::AdviseRead(int,int,int,int,int,int,enum GDALDataType,char * *)" (?AdviseRead@GDALRasterBand@@UEAA?AW4CPLErr@@HHHHHHW4GDALDataType@@PEAPEAD@Z)
main.obj : error LNK2001: 无法解析的外部符号 "public: virtual enum CPLErr __cdecl GDALRasterBand::BuildOverviews(char const *,int,int *,int (__cdecl*)(double,char const *,void *),void *)" (?BuildOverviews@GDALRasterBand@@UEAA?AW4CPLErr@@PEBDHPEAHP6AHN0PEAX@Z2@Z)
main.obj : error LNK2001: 无法解析的外部符号 "public: virtual class GDALRasterBand * __cdecl GDALRasterBand::GetRasterSampleOverview(int)" (?GetRasterSampleOverview@GDALRasterBand@@UEAAPEAV1@H@Z)
main.obj : error LNK2001: 无法解析的外部符号 "public: virtual class GDALRasterBand * __cdecl GDALRasterBand::GetOverview(int)" (?GetOverview@GDALRasterBand@@UEAAPEAV1@H@Z)
main.obj : error LNK2001: 无法解析的外部符号 "public: virtual int __cdecl GDALRasterBand::GetOverviewCount(void)" (?GetOverviewCount@GDALRasterBand@@UEAAHXZ)
main.obj : error LNK2001: 无法解析的外部符号 "public: virtual int __cdecl GDALRasterBand::HasArbitraryOverviews(void)" (?HasArbitraryOverviews@GDALRasterBand@@UEAAHXZ)
main.obj : error LNK2001: 无法解析的外部符号 "public: virtual enum CPLErr __cdecl GDALRasterBand::ComputeRasterMinMax(int,double *)" (?ComputeRasterMinMax@GDALRasterBand@@UEAA?AW4CPLErr@@HPEAN@Z)
main.obj : error LNK2001: 无法解析的外部符号 "public: virtual enum CPLErr __cdecl GDALRasterBand::SetStatistics(double,double,double,double)" (?SetStatistics@GDALRasterBand@@UEAA?AW4CPLErr@@NNNN@Z)
main.obj : error LNK2001: 无法解析的外部符号 "public: virtual enum CPLErr __cdecl GDALRasterBand::ComputeStatistics(int,double *,double *,double *,double *,int (__cdecl*)(double,char const *,void *),void *)" (?ComputeStatistics@GDALRasterBand@@UEAA?AW4CPLErr@@HPEAN000P6AHNPEBDPEAX@Z2@Z)
main.obj : error LNK2001: 无法解析的外部符号 "public: virtual enum CPLErr __cdecl GDALRasterBand::GetStatistics(int,int,double *,double *,double *,double *)" (?GetStatistics@GDALRasterBand@@UEAA?AW4CPLErr@@HHPEAN000@Z)
main.obj : error LNK2001: 无法解析的外部符号 "public: virtual enum CPLErr __cdecl GDALRasterBand::SetUnitType(char const *)" (?SetUnitType@GDALRasterBand@@UEAA?AW4CPLErr@@PEBD@Z)
main.obj : error LNK2001: 无法解析的外部符号 "public: virtual enum CPLErr __cdecl GDALRasterBand::SetScale(double)" (?SetScale@GDALRasterBand@@UEAA?AW4CPLErr@@N@Z)
main.obj : error LNK2001: 无法解析的外部符号 "public: virtual enum CPLErr __cdecl GDALRasterBand::SetOffset(double)" (?SetOffset@GDALRasterBand@@UEAA?AW4CPLErr@@N@Z)
main.obj : error LNK2001: 无法解析的外部符号 "public: virtual enum CPLErr __cdecl GDALRasterBand::SetColorInterpretation(enum GDALColorInterp)" (?SetColorInterpretation@GDALRasterBand@@UEAA?AW4CPLErr@@W4GDALColorInterp@@@Z)
main.obj : error LNK2001: 无法解析的外部符号 "public: virtual enum CPLErr __cdecl GDALRasterBand::SetColorTable(class GDALColorTable *)" (?SetColorTable@GDALRasterBand@@UEAA?AW4CPLErr@@PEAVGDALColorTable@@@Z)
main.obj : error LNK2001: 无法解析的外部符号 "public: virtual enum CPLErr __cdecl GDALRasterBand::SetNoDataValue(double)" (?SetNoDataValue@GDALRasterBand@@UEAA?AW4CPLErr@@N@Z)
main.obj : error LNK2001: 无法解析的外部符号 "public: virtual enum CPLErr __cdecl GDALRasterBand::SetCategoryNames(char * *)" (?SetCategoryNames@GDALRasterBand@@UEAA?AW4CPLErr@@PEAPEAD@Z)
main.obj : error LNK2001: 无法解析的外部符号 "public: virtual enum CPLErr __cdecl GDALRasterBand::Fill(double,double)" (?Fill@GDALRasterBand@@UEAA?AW4CPLErr@@NN@Z)
main.obj : error LNK2001: 无法解析的外部符号 "public: virtual class GDALColorTable * __cdecl GDALRasterBand::GetColorTable(void)" (?GetColorTable@GDALRasterBand@@UEAAPEAVGDALColorTable@@XZ)
main.obj : error LNK2001: 无法解析的外部符号 "public: virtual enum GDALColorInterp __cdecl GDALRasterBand::GetColorInterpretation(void)" (?GetColorInterpretation@GDALRasterBand@@UEAA?AW4GDALColorInterp@@XZ)
main.obj : error LNK2001: 无法解析的外部符号 "public: virtual char const * __cdecl GDALRasterBand::GetUnitType(void)" (?GetUnitType@GDALRasterBand@@UEAAPEBDXZ)
main.obj : error LNK2001: 无法解析的外部符号 "public: virtual double __cdecl GDALRasterBand::GetScale(int *)" (?GetScale@GDALRasterBand@@UEAANPEAH@Z)
main.obj : error LNK2001: 无法解析的外部符号 "public: virtual double __cdecl GDALRasterBand::GetOffset(int *)" (?GetOffset@GDALRasterBand@@UEAANPEAH@Z)
main.obj : error LNK2001: 无法解析的外部符号 "public: virtual double __cdecl GDALRasterBand::GetMaximum(int *)" (?GetMaximum@GDALRasterBand@@UEAANPEAH@Z)
main.obj : error LNK2001: 无法解析的外部符号 "public: virtual double __cdecl GDALRasterBand::GetMinimum(int *)" (?GetMinimum@GDALRasterBand@@UEAANPEAH@Z)
main.obj : error LNK2001: 无法解析的外部符号 "public: virtual double __cdecl GDALRasterBand::GetNoDataValue(int *)" (?GetNoDataValue@GDALRasterBand@@UEAANPEAH@Z)
main.obj : error LNK2001: 无法解析的外部符号 "public: virtual char * * __cdecl GDALRasterBand::GetCategoryNames(void)" (?GetCategoryNames@GDALRasterBand@@UEAAPEAPEADXZ)
main.obj : error LNK2001: 无法解析的外部符号 "public: virtual enum CPLErr __cdecl GDALRasterBand::FlushCache(void)" (?FlushCache@GDALRasterBand@@UEAA?AW4CPLErr@@XZ)
main.obj : error LNK2001: 无法解析的外部符号 "public: enum CPLErr __cdecl GDALRasterBand::RasterIO(enum GDALRWFlag,int,int,int,int,void *,int,int,enum GDALDataType,int,int)" (?RasterIO@GDALRasterBand@@QEAA?AW4CPLErr@@W4GDALRWFlag@@HHHHPEAXHHW4GDALDataType@@HH@Z)
main.obj : error LNK2001: 无法解析的外部符号 "public: virtual __cdecl GDALRasterBand::~GDALRasterBand(void)" (??1GDALRasterBand@@UEAA@XZ)
main.obj : error LNK2001: 无法解析的外部符号 "protected: virtual enum CPLErr __cdecl GDALRasterBand::IRasterIO(enum GDALRWFlag,int,int,int,int,void *,int,int,enum GDALDataType,int,int)" (?IRasterIO@GDALRasterBand@@MEAA?AW4CPLErr@@W4GDALRWFlag@@HHHHPEAXHHW4GDALDataType@@HH@Z)
main.obj : error LNK2001: 无法解析的外部符号 "protected: virtual enum CPLErr __cdecl GDALRasterBand::IWriteBlock(int,int,void *)" (?IWriteBlock@GDALRasterBand@@MEAA?AW4CPLErr@@HHPEAX@Z)
main.obj : error LNK2001: 无法解析的外部符号 "public: __cdecl GDALDefaultOverviews::~GDALDefaultOverviews(void)" (??1GDALDefaultOverviews@@QEAA@XZ)
C:\Users\wxy\Desktop\firstDemo\x64\Release\firstDemo.exe : fatal error LNK1120: 91 个无法解析的外部命令
